build/outputs/logs/manifest-merger-debug-report.txt
-- Merging decision tree log ---
manifest
ADDED from passbox/PassBox/AndroidManifest.xml:2:1-128:12
INJECTED from passbox/PassBox/AndroidManifest.xml:2:1-128:12
INJECTED from passbox/PassBox/AndroidManifest.xml:2:1-128:12
INJECTED from passbox/PassBox/AndroidManifest.xml:2:1-128:12
MERGED from [com.android.support:multidex:1.0.2] AndroidManifest.xml:17:1-22:12
MERGED from [com.github.afollestad.material-dialogs:commons:0.8.5.7] AndroidManifest.xml:2:1-14:12
MERGED from [com.github.afollestad.material-dialogs:core:0.8.5.7] AndroidManifest.xml:2:1-15:12
MERGED from [com.android.support:design:27.1.1] AndroidManifest.xml:17:1-22:12
MERGED from [me.zhanghai.android.materialprogressbar:library:1.1.5] AndroidManifest.xml:6:1-16:12
MERGED from [com.android.support:appcompat-v7:27.1.1] AndroidManifest.xml:17:1-22:12
MERGED from [com.squareup.picasso:picasso:2.71828] AndroidManifest.xml:2:1-14:12
MERGED from [com.android.support:support-v4:27.1.1] AndroidManifest.xml:17:1-22:12
MERGED from [com.android.support:animated-vector-drawable:27.1.1] AndroidManifest.xml:17:1-22:12
MERGED from [com.android.support:support-vector-drawable:27.1.1] AndroidManifest.xml:17:1-22:12
MERGED from [com.android.support:transition:27.1.1] AndroidManifest.xml:17:1-22:12
MERGED from [com.android.support:exifinterface:27.1.0] AndroidManifest.xml:17:1-22:12
MERGED from [com.android.support:support-media-compat:27.1.1] AndroidManifest.xml:17:1-22:12
MERGED from [com.android.support:support-fragment:27.1.1] AndroidManifest.xml:17:1-22:12
MERGED from [com.android.support:recyclerview-v7:27.1.1] AndroidManifest.xml:17:1-22:12
MERGED from [com.android.support:support-core-ui:27.1.1] AndroidManifest.xml:17:1-22:12
MERGED from [com.android.support:support-core-utils:27.1.1] AndroidManifest.xml:17:1-22:12
MERGED from [com.android.support:support-compat:27.1.1] AndroidManifest.xml:17:1-22:12
MERGED from [android.arch.lifecycle:runtime:1.1.0] AndroidManifest.xml:17:1-22:12
MERGED from [android.arch.lifecycle:livedata-core:1.1.0] AndroidManifest.xml:17:1-22:12
MERGED from [android.arch.core:runtime:1.1.0] AndroidManifest.xml:17:1-22:12
MERGED from [android.arch.lifecycle:viewmodel:1.1.0] AndroidManifest.xml:17:1-22:12
INJECTED from passbox/PassBox/AndroidManifest.xml:2:1-128:12
INJECTED from passbox/PassBox/AndroidManifest.xml:2:1-128:12
INJECTED from passbox/PassBox/AndroidManifest.xml:2:1-128:12
	package
		ADDED from passbox/PassBox/AndroidManifest.xml:3:5-33
		INJECTED from passbox/PassBox/AndroidManifest.xml
		INJECTED from passbox/PassBox/AndroidManifest.xml
	android:versionName
		ADDED from passbox/PassBox/AndroidManifest.xml:5:5-32
		INJECTED from passbox/PassBox/AndroidManifest.xml
		INJECTED from passbox/PassBox/AndroidManifest.xml
	xmlns:android
		ADDED from passbox/PassBox/AndroidManifest.xml:2:11-69
	android:versionCode
		ADDED from passbox/PassBox/AndroidManifest.xml:4:5-29
		INJECTED from passbox/PassBox/AndroidManifest.xml
		INJECTED from passbox/PassBox/AndroidManifest.xml
uses-sdk
ADDED from passbox/PassBox/AndroidManifest.xml:7:5-9:41
INJECTED from passbox/PassBox/AndroidManifest.xml:7:5-9:41
INJECTED from passbox/PassBox/AndroidManifest.xml:7:5-9:41
MERGED from [com.android.support:multidex:1.0.2] AndroidManifest.xml:20:5-43
MERGED from [com.android.support:multidex:1.0.2] AndroidManifest.xml:20:5-43
MERGED from [com.github.afollestad.material-dialogs:commons:0.8.5.7] AndroidManifest.xml:8:5-10:41
MERGED from [com.github.afollestad.material-dialogs:commons:0.8.5.7] AndroidManifest.xml:8:5-10:41
MERGED from [com.github.afollestad.material-dialogs:core:0.8.5.7] AndroidManifest.xml:8:5-11:75
MERGED from [com.github.afollestad.material-dialogs:core:0.8.5.7] AndroidManifest.xml:8:5-11:75
MERGED from [com.android.support:design:27.1.1] AndroidManifest.xml:20:5-44
MERGED from [com.android.support:design:27.1.1] AndroidManifest.xml:20:5-44
MERGED from [me.zhanghai.android.materialprogressbar:library:1.1.5] AndroidManifest.xml:12:5-14:41
MERGED from [me.zhanghai.android.materialprogressbar:library:1.1.5] AndroidManifest.xml:12:5-14:41
MERGED from [com.android.support:appcompat-v7:27.1.1] AndroidManifest.xml:20:5-44
MERGED from [com.android.support:appcompat-v7:27.1.1] AndroidManifest.xml:20:5-44
MERGED from [com.squareup.picasso:picasso:2.71828] AndroidManifest.xml:5:5-44
MERGED from [com.squareup.picasso:picasso:2.71828] AndroidManifest.xml:5:5-44
MERGED from [com.android.support:support-v4:27.1.1] AndroidManifest.xml:20:5-44
MERGED from [com.android.support:support-v4:27.1.1] AndroidManifest.xml:20:5-44
MERGED from [com.android.support:animated-vector-drawable:27.1.1] AndroidManifest.xml:20:5-44
MERGED from [com.android.support:animated-vector-drawable:27.1.1] AndroidManifest.xml:20:5-44
MERGED from [com.android.support:support-vector-drawable:27.1.1] AndroidManifest.xml:20:5-44
MERGED from [com.android.support:support-vector-drawable:27.1.1] AndroidManifest.xml:20:5-44
MERGED from [com.android.support:transition:27.1.1] AndroidManifest.xml:20:5-44
MERGED from [com.android.support:transition:27.1.1] AndroidManifest.xml:20:5-44
MERGED from [com.android.support:exifinterface:27.1.0] AndroidManifest.xml:20:5-44
MERGED from [com.android.support:exifinterface:27.1.0] AndroidManifest.xml:20:5-44
MERGED from [com.android.support:support-media-compat:27.1.1] AndroidManifest.xml:20:5-44
MERGED from [com.android.support:support-media-compat:27.1.1] AndroidManifest.xml:20:5-44
MERGED from [com.android.support:support-fragment:27.1.1] AndroidManifest.xml:20:5-44
MERGED from [com.android.support:support-fragment:27.1.1] AndroidManifest.xml:20:5-44
MERGED from [com.android.support:recyclerview-v7:27.1.1] AndroidManifest.xml:20:5-44
MERGED from [com.android.support:recyclerview-v7:27.1.1] AndroidManifest.xml:20:5-44
MERGED from [com.android.support:support-core-ui:27.1.1] AndroidManifest.xml:20:5-44
MERGED from [com.android.support:support-core-ui:27.1.1] AndroidManifest.xml:20:5-44
MERGED from [com.android.support:support-core-utils:27.1.1] AndroidManifest.xml:20:5-44
MERGED from [com.android.support:support-core-utils:27.1.1] AndroidManifest.xml:20:5-44
MERGED from [com.android.support:support-compat:27.1.1] AndroidManifest.xml:20:5-44
MERGED from [com.android.support:support-compat:27.1.1] AndroidManifest.xml:20:5-44
MERGED from [android.arch.lifecycle:runtime:1.1.0] AndroidManifest.xml:20:5-44
MERGED from [android.arch.lifecycle:runtime:1.1.0] AndroidManifest.xml:20:5-44
MERGED from [android.arch.lifecycle:livedata-core:1.1.0] AndroidManifest.xml:20:5-44
MERGED from [android.arch.lifecycle:livedata-core:1.1.0] AndroidManifest.xml:20:5-44
MERGED from [android.arch.core:runtime:1.1.0] AndroidManifest.xml:20:5-44
MERGED from [android.arch.core:runtime:1.1.0] AndroidManifest.xml:20:5-44
MERGED from [android.arch.lifecycle:viewmodel:1.1.0] AndroidManifest.xml:20:5-44
MERGED from [android.arch.lifecycle:viewmodel:1.1.0] AndroidManifest.xml:20:5-44
INJECTED from passbox/PassBox/AndroidManifest.xml:7:5-9:41
INJECTED from passbox/PassBox/AndroidManifest.xml:7:5-9:41
	tools:overrideLibrary
		ADDED from [com.github.afollestad.material-dialogs:core:0.8.5.7] AndroidManifest.xml:11:9-72
	android:targetSdkVersion
		ADDED from passbox/PassBox/AndroidManifest.xml:9:9-38
		INJECTED from passbox/PassBox/AndroidManifest.xml
		INJECTED from passbox/PassBox/AndroidManifest.xml
	android:minSdkVersion
		ADDED from passbox/PassBox/AndroidManifest.xml:8:9-35
		INJECTED from passbox/PassBox/AndroidManifest.xml
		INJECTED from passbox/PassBox/AndroidManifest.xml
uses-permission#android.permission.ACCESS_NETWORK_STATE
ADDED from passbox/PassBox/AndroidManifest.xml:11:5-79
	android:name
		ADDED from passbox/PassBox/AndroidManifest.xml:11:22-76
uses-permission#android.permission.INTERNET
ADDED from passbox/PassBox/AndroidManifest.xml:12:5-67
	android:name
		ADDED from passbox/PassBox/AndroidManifest.xml:12:22-64
uses-permission#android.permission.READ_PHONE_STATE
ADDED from passbox/PassBox/AndroidManifest.xml:13:5-75
	android:name
		ADDED from passbox/PassBox/AndroidManifest.xml:13:22-72
uses-permission#android.permission.ACCESS_WIFI_STATE
ADDED from passbox/PassBox/AndroidManifest.xml:14:5-76
	android:name
		ADDED from passbox/PassBox/AndroidManifest.xml:14:22-73
uses-permission#android.permission.READ_EXTERNAL_STORAGE
ADDED from passbox/PassBox/AndroidManifest.xml:15:5-80
	android:name
		ADDED from passbox/PassBox/AndroidManifest.xml:15:22-77
uses-permission#android.permission.WRITE_EXTERNAL_STORAGE
ADDED from passbox/PassBox/AndroidManifest.xml:16:5-81
	android:name
		ADDED from passbox/PassBox/AndroidManifest.xml:16:22-78
uses-permission#android.permission.MOUNT_UNMOUNT_FILESYSTEMS
ADDED from passbox/PassBox/AndroidManifest.xml:17:5-84
	android:name
		ADDED from passbox/PassBox/AndroidManifest.xml:17:22-81
application
ADDED from passbox/PassBox/AndroidManifest.xml:19:5-126:19
MERGED from [com.github.afollestad.material-dialogs:commons:0.8.5.7] AndroidManifest.xml:12:5-20
MERGED from [com.github.afollestad.material-dialogs:commons:0.8.5.7] AndroidManifest.xml:12:5-20
MERGED from [com.github.afollestad.material-dialogs:core:0.8.5.7] AndroidManifest.xml:13:5-20
MERGED from [com.github.afollestad.material-dialogs:core:0.8.5.7] AndroidManifest.xml:13:5-20
MERGED from [com.squareup.picasso:picasso:2.71828] AndroidManifest.xml:7:5-12:19
MERGED from [com.squareup.picasso:picasso:2.71828] AndroidManifest.xml:7:5-12:19
	android:supportsRtl
		ADDED from passbox/PassBox/AndroidManifest.xml:25:9-35
	android:label
		ADDED from passbox/PassBox/AndroidManifest.xml:24:9-41
	android:hardwareAccelerated
		ADDED from passbox/PassBox/AndroidManifest.xml:22:9-43
	android:icon
		ADDED from passbox/PassBox/AndroidManifest.xml:23:9-45
	android:allowBackup
		ADDED from passbox/PassBox/AndroidManifest.xml:21:9-36
	android:theme
		ADDED from passbox/PassBox/AndroidManifest.xml:26:9-40
	android:name
		ADDED from passbox/PassBox/AndroidManifest.xml:20:9-42
meta-data#UMENG_APPKEY
ADDED from passbox/PassBox/AndroidManifest.xml:29:9-31:56
	android:value
		ADDED from passbox/PassBox/AndroidManifest.xml:31:13-53
	android:name
		ADDED from passbox/PassBox/AndroidManifest.xml:30:13-40
meta-data#UMENG_CHANNEL
ADDED from passbox/PassBox/AndroidManifest.xml:32:9-34:33
	android:value
		ADDED from passbox/PassBox/AndroidManifest.xml:34:13-30
	android:name
		ADDED from passbox/PassBox/AndroidManifest.xml:33:13-41
service#com.umeng.update.net.DownloadingService
ADDED from passbox/PassBox/AndroidManifest.xml:36:9-38:53
	android:process
		ADDED from passbox/PassBox/AndroidManifest.xml:38:13-50
	android:name
		ADDED from passbox/PassBox/AndroidManifest.xml:37:13-67
activity#com.umeng.update.UpdateDialogActivity
ADDED from passbox/PassBox/AndroidManifest.xml:40:9-42:75
	android:theme
		ADDED from passbox/PassBox/AndroidManifest.xml:42:13-72
	android:name
		ADDED from passbox/PassBox/AndroidManifest.xml:41:13-65
activity#com.boguan.passbox.activity.MainActivity
ADDED from passbox/PassBox/AndroidManifest.xml:45:9-50:55
	android:screenOrientation
		ADDED from passbox/PassBox/AndroidManifest.xml:49:13-49
	android:label
		ADDED from passbox/PassBox/AndroidManifest.xml:47:13-45
	android:launchMode
		ADDED from passbox/PassBox/AndroidManifest.xml:48:13-44
	android:windowSoftInputMode
		ADDED from passbox/PassBox/AndroidManifest.xml:50:13-52
	android:name
		ADDED from passbox/PassBox/AndroidManifest.xml:46:13-50
activity#com.boguan.passbox.activity.EntryActivity
ADDED from passbox/PassBox/AndroidManifest.xml:52:9-63:20
	android:screenOrientation
		ADDED from passbox/PassBox/AndroidManifest.xml:56:13-49
	android:label
		ADDED from passbox/PassBox/AndroidManifest.xml:54:13-45
	android:launchMode
		ADDED from passbox/PassBox/AndroidManifest.xml:55:13-43
	android:theme
		ADDED from passbox/PassBox/AndroidManifest.xml:57:13-72
	android:name
		ADDED from passbox/PassBox/AndroidManifest.xml:53:13-51
intent-filter#action:name:android.intent.action.MAIN+category:name:android.intent.category.LAUNCHER
ADDED from passbox/PassBox/AndroidManifest.xml:58:13-62:29
action#android.intent.action.MAIN
ADDED from passbox/PassBox/AndroidManifest.xml:59:17-69
	android:name
		ADDED from passbox/PassBox/AndroidManifest.xml:59:25-66
category#android.intent.category.LAUNCHER
ADDED from passbox/PassBox/AndroidManifest.xml:61:17-77
	android:name
		ADDED from passbox/PassBox/AndroidManifest.xml:61:27-74
service#com.boguan.passbox.service.LocalService.MainService
ADDED from passbox/PassBox/AndroidManifest.xml:65:9-68:48
	android:label
		ADDED from passbox/PassBox/AndroidManifest.xml:68:13-45
	android:exported
		ADDED from passbox/PassBox/AndroidManifest.xml:67:13-37
	android:name
		ADDED from passbox/PassBox/AndroidManifest.xml:66:13-61
activity#com.boguan.passbox.activity.EditPasswordActivity
ADDED from passbox/PassBox/AndroidManifest.xml:71:9-75:71
	android:screenOrientation
		ADDED from passbox/PassBox/AndroidManifest.xml:74:13-49
	android:label
		ADDED from passbox/PassBox/AndroidManifest.xml:73:13-64
	android:windowSoftInputMode
		ADDED from passbox/PassBox/AndroidManifest.xml:75:13-68
	android:name
		ADDED from passbox/PassBox/AndroidManifest.xml:72:13-58
activity#com.boguan.passbox.activity.SetLockpatternActivity
ADDED from passbox/PassBox/AndroidManifest.xml:78:9-81:52
	android:screenOrientation
		ADDED from passbox/PassBox/AndroidManifest.xml:81:13-49
	android:label
		ADDED from passbox/PassBox/AndroidManifest.xml:80:13-58
	android:name
		ADDED from passbox/PassBox/AndroidManifest.xml:79:13-60
activity#com.boguan.passbox.activity.AboutActivity
ADDED from passbox/PassBox/AndroidManifest.xml:84:9-87:52
	android:screenOrientation
		ADDED from passbox/PassBox/AndroidManifest.xml:87:13-49
	android:label
		ADDED from passbox/PassBox/AndroidManifest.xml:86:13-52
	android:name
		ADDED from passbox/PassBox/AndroidManifest.xml:85:13-51
activity#com.boguan.passbox.activity.FeedbackActivity
ADDED from passbox/PassBox/AndroidManifest.xml:90:9-93:52
	android:screenOrientation
		ADDED from passbox/PassBox/AndroidManifest.xml:93:13-49
	android:label
		ADDED from passbox/PassBox/AndroidManifest.xml:92:13-60
	android:name
		ADDED from passbox/PassBox/AndroidManifest.xml:91:13-54
activity#com.boguan.passbox.activity.PasswordActivity
ADDED from passbox/PassBox/AndroidManifest.xml:96:9-99:52
	android:screenOrientation
		ADDED from passbox/PassBox/AndroidManifest.xml:99:13-49
	android:label
		ADDED from passbox/PassBox/AndroidManifest.xml:98:13-36
	android:name
		ADDED from passbox/PassBox/AndroidManifest.xml:97:13-54
activity#com.boguan.passbox.activity.OauthActivity
ADDED from passbox/PassBox/AndroidManifest.xml:101:9-104:52
	android:screenOrientation
		ADDED from passbox/PassBox/AndroidManifest.xml:104:13-49
	android:label
		ADDED from passbox/PassBox/AndroidManifest.xml:103:13-35
	android:name
		ADDED from passbox/PassBox/AndroidManifest.xml:102:13-51
activity#com.boguan.passbox.activity.LoginKuaiPanActivity
ADDED from passbox/PassBox/AndroidManifest.xml:107:9-110:52
	android:screenOrientation
		ADDED from passbox/PassBox/AndroidManifest.xml:110:13-49
	android:label
		ADDED from passbox/PassBox/AndroidManifest.xml:109:13-33
	android:name
		ADDED from passbox/PassBox/AndroidManifest.xml:108:13-58
activity#com.boguan.passbox.activity.CloudOptionsActivity
ADDED from passbox/PassBox/AndroidManifest.xml:113:9-116:52
	android:screenOrientation
		ADDED from passbox/PassBox/AndroidManifest.xml:116:13-49
	android:label
		ADDED from passbox/PassBox/AndroidManifest.xml:115:13-38
	android:name
		ADDED from passbox/PassBox/AndroidManifest.xml:114:13-58
activity#com.boguan.passbox.activity.SettingsActivity
ADDED from passbox/PassBox/AndroidManifest.xml:117:9-120:52
	android:screenOrientation
		ADDED from passbox/PassBox/AndroidManifest.xml:120:13-49
	android:label
		ADDED from passbox/PassBox/AndroidManifest.xml:119:13-31
	android:name
		ADDED from passbox/PassBox/AndroidManifest.xml:118:13-54
activity#com.boguan.passbox.activity.PasswordDetailsActivity
ADDED from passbox/PassBox/AndroidManifest.xml:121:9-124:52
	android:screenOrientation
		ADDED from passbox/PassBox/AndroidManifest.xml:124:13-49
	android:label
		ADDED from passbox/PassBox/AndroidManifest.xml:123:13-35
	android:name
		ADDED from passbox/PassBox/AndroidManifest.xml:122:13-61
activity#com.boguan.passbox.activity.SearchActivity
ADDED from passbox/PassBox/AndroidManifest.xml:125:9-61
	android:name
		ADDED from passbox/PassBox/AndroidManifest.xml:125:19-58
provider#com.squareup.picasso.PicassoProvider
ADDED from [com.squareup.picasso:picasso:2.71828] AndroidManifest.xml:8:9-11:40
	android:authorities
		ADDED from [com.squareup.picasso:picasso:2.71828] AndroidManifest.xml:10:13-72
	android:exported
		ADDED from [com.squareup.picasso:picasso:2.71828] AndroidManifest.xml:11:13-37
	android:name
		ADDED from [com.squareup.picasso:picasso:2.71828] AndroidManifest.xml:9:13-64